<?xml version="1.0" encoding="UTF-8"?>
<!-- Generated by org.testng.reporters.JUnitXMLReporter -->
<testsuite ignored="2" hostname="DESKTOP-AFGKHHI" failures="0" tests="0" time="0.002" errors="0" timestamp="2022-03-28T12:31:22 IST">
  <testcase classname="TestClasses.AddNewAddress" name="verifyUserCanAddNewAddress" time="0.0">
    <ignored/>
  </testcase> <!-- verifyUserCanAddNewAddress -->
  <testcase classname="TestClasses.AddNewAddress" name="verifyUserCanLogin" time="0.0">
    <ignored/>
  </testcase> <!-- verifyUserCanLogin -->
</testsuite>
